Using pre-set license
Built from '2022.3/staging' branch; Version is '2022.3.22f1 (887be4894c44) revision 8944612'; Using compiler version '192829333'; Build Type 'Release'
OS: 'Windows 10  (10.0.19045) 64bit Core' Language: 'es' Physical Memory: 3981 MB
BatchMode: 1, IsHumanControllingUs: 0, StartBugReporterOnCrash: 0, Is64bit: 1, IsPro: 1

COMMAND LINE ARGUMENTS:
C:\Program Files\Unity\Hub\Editor\2022.3.22f1\Editor\Unity.exe
-adb2
-batchMode
-noUpm
-name
AssetImportWorker5
-projectPath
C:/Users/Jairo/Documents/GitHub/1lifeminute/1lifeminuteBG
-logFile
Logs/AssetImportWorker5.log
-srvPort
64799
Successfully changed project path to: C:/Users/Jairo/Documents/GitHub/1lifeminute/1lifeminuteBG
C:/Users/Jairo/Documents/GitHub/1lifeminute/1lifeminuteBG
[UnityMemory] Configuration Parameters - Can be set up in boot.config
    "memorysetup-bucket-allocator-granularity=16"
    "memorysetup-bucket-allocator-bucket-count=8"
    "memorysetup-bucket-allocator-block-size=33554432"
    "memorysetup-bucket-allocator-block-count=8"
    "memorysetup-main-allocator-block-size=16777216"
    "memorysetup-thread-allocator-block-size=16777216"
    "memorysetup-gfx-main-allocator-block-size=16777216"
    "memorysetup-gfx-thread-allocator-block-size=16777216"
    "memorysetup-cache-allocator-block-size=4194304"
    "memorysetup-typetree-allocator-block-size=2097152"
    "memorysetup-profiler-bucket-allocator-granularity=16"
    "memorysetup-profiler-bucket-allocator-bucket-count=8"
    "memorysetup-profiler-bucket-allocator-block-size=33554432"
    "memorysetup-profiler-bucket-allocator-block-count=8"
    "memorysetup-profiler-allocator-block-size=16777216"
    "memorysetup-profiler-editor-allocator-block-size=1048576"
    "memorysetup-temp-allocator-size-main=16777216"
    "memorysetup-job-temp-allocator-block-size=2097152"
    "memorysetup-job-temp-allocator-block-size-background=1048576"
    "memorysetup-job-temp-allocator-reduction-small-platforms=262144"
    "memorysetup-allocator-temp-initial-block-size-main=262144"
    "memorysetup-allocator-temp-initial-block-size-worker=262144"
    "memorysetup-temp-allocator-size-background-worker=32768"
    "memorysetup-temp-allocator-size-job-worker=262144"
    "memorysetup-temp-allocator-size-preload-manager=33554432"
    "memorysetup-temp-allocator-size-nav-mesh-worker=65536"
    "memorysetup-temp-allocator-size-audio-worker=65536"
    "memorysetup-temp-allocator-size-cloud-worker=32768"
    "memorysetup-temp-allocator-size-gi-baking-worker=262144"
    "memorysetup-temp-allocator-size-gfx=262144"
Player connection [13204] Host "[IP] 192.168.0.22 [Port] 0 [Flags] 2 [Guid] 3325383328 [EditorId] 3325383328 [Version] 1048832 [Id] WindowsEditor(7,DESKTOP-RMH0D5N) [Debug] 1 [PackageName] WindowsEditor [ProjectName] Editor" joined multi-casting on [225.0.0.222:54997]...

Player connection [13204] Host "[IP] 192.168.0.22 [Port] 0 [Flags] 2 [Guid] 3325383328 [EditorId] 3325383328 [Version] 1048832 [Id] WindowsEditor(7,DESKTOP-RMH0D5N) [Debug] 1 [PackageName] WindowsEditor [ProjectName] Editor" joined alternative multi-casting on [225.0.0.222:34997]...

[Physics::Module] Initialized MultithreadedJobDispatcher with 3 workers.
Refreshing native plugins compatible for Editor in 55.99 ms, found 4 plugins.
Preloading 0 native plugins for Editor in 0.00 ms.
Initialize engine version: 2022.3.22f1 (887be4894c44)
[Subsystems] Discovering subsystems at path C:/Program Files/Unity/Hub/Editor/2022.3.22f1/Editor/Data/Resources/UnitySubsystems
[Subsystems] Discovering subsystems at path C:/Users/Jairo/Documents/GitHub/1lifeminute/1lifeminuteBG/Assets
GfxDevice: creating device client; threaded=0; jobified=0
Direct3D:
    Version:  Direct3D 11.0 [level 11.0]
    Renderer: NVIDIA GeForce GT 740M (ID=0xfdf)
    Vendor:   NVIDIA
    VRAM:     2009 MB
    Driver:   25.21.14.2531
Initialize mono
Mono path[0] = 'C:/Program Files/Unity/Hub/Editor/2022.3.22f1/Editor/Data/Managed'
Mono path[1] = 'C:/Program Files/Unity/Hub/Editor/2022.3.22f1/Editor/Data/MonoBleedingEdge/lib/mono/unityjit-win32'
Mono config path = 'C:/Program Files/Unity/Hub/Editor/2022.3.22f1/Editor/Data/MonoBleedingEdge/etc'
Using monoOptions --debugger-agent=transport=dt_socket,embedding=1,server=y,suspend=n,address=127.0.0.1:56032
Begin MonoManager ReloadAssembly
Registering precompiled unity dll's ...
Register platform support module: C:/Program Files/Unity/Hub/Editor/2022.3.22f1/Editor/Data/PlaybackEngines/WindowsStandaloneSupport/UnityEditor.WindowsStandalone.Extensions.dll
Registered in 0.051030 seconds.
- Loaded All Assemblies, in  1.372 seconds
Native extension for WindowsStandalone target not found
Mono: successfully reloaded assembly
- Finished resetting the current domain, in  0.668 seconds
Domain Reload Profiling: 2031ms
	BeginReloadAssembly (393ms)
		ExecutionOrderSort (0ms)
		DisableScriptedObjects (0ms)
		BackupInstance (0ms)
		ReleaseScriptingObjects (0ms)
		CreateAndSetChildDomain (1ms)
	RebuildCommonClasses (185ms)
	RebuildNativeTypeToScriptingClass (33ms)
	initialDomainReloadingComplete (222ms)
	LoadAllAssembliesAndSetupDomain (530ms)
		LoadAssemblies (386ms)
		RebuildTransferFunctionScriptingTraits (0ms)
		AnalyzeDomain (525ms)
			TypeCache.Refresh (522ms)
				TypeCache.ScanAssembly (490ms)
			ScanForSourceGeneratedMonoScriptInfo (1ms)
			ResolveRequiredComponents (1ms)
	FinalizeReload (669ms)
		ReleaseScriptCaches (0ms)
		RebuildScriptCaches (0ms)
		SetupLoadedEditorAssemblies (533ms)
			LogAssemblyErrors (0ms)
			InitializePlatformSupportModulesInManaged (32ms)
			SetLoadedEditorAssemblies (23ms)
			RefreshPlugins (0ms)
			BeforeProcessingInitializeOnLoad (6ms)
			ProcessInitializeOnLoadAttributes (350ms)
			ProcessInitializeOnLoadMethodAttributes (122ms)
			AfterProcessingInitializeOnLoad (0ms)
			EditorAssembliesLoaded (0ms)
		ExecutionOrderSort2 (0ms)
		AwakeInstancesAfterBackupRestoration (0ms)
========================================================================
Worker process is ready to serve import requests
Begin MonoManager ReloadAssembly
- Loaded All Assemblies, in  4.115 seconds
Refreshing native plugins compatible for Editor in 18.51 ms, found 4 plugins.
Native extension for WindowsStandalone target not found
Package Manager log level set to [2]
[Package Manager] Server::EnsureServerProcessIsRunning -- launch failed, reason: Unity was launched with the -noUpm command-line argument
[Package Manager] UpmClient::Send -- Unable to send message (not connected to UPM process).
[Package Manager] Cannot connect to Unity Package Manager local server
Mono: successfully reloaded assembly
- Finished resetting the current domain, in  1.703 seconds
Domain Reload Profiling: 5797ms
	BeginReloadAssembly (525ms)
		ExecutionOrderSort (0ms)
		DisableScriptedObjects (12ms)
		BackupInstance (0ms)
		ReleaseScriptingObjects (0ms)
		CreateAndSetChildDomain (41ms)
	RebuildCommonClasses (125ms)
	RebuildNativeTypeToScriptingClass (35ms)
	initialDomainReloadingComplete (147ms)
	LoadAllAssembliesAndSetupDomain (3263ms)
		LoadAssemblies (2677ms)
		RebuildTransferFunctionScriptingTraits (0ms)
		AnalyzeDomain (980ms)
			TypeCache.Refresh (920ms)
				TypeCache.ScanAssembly (882ms)
			ScanForSourceGeneratedMonoScriptInfo (41ms)
			ResolveRequiredComponents (16ms)
	FinalizeReload (1704ms)
		ReleaseScriptCaches (0ms)
		RebuildScriptCaches (0ms)
		SetupLoadedEditorAssemblies (1361ms)
			LogAssemblyErrors (0ms)
			InitializePlatformSupportModulesInManaged (21ms)
			SetLoadedEditorAssemblies (9ms)
			RefreshPlugins (0ms)
			BeforeProcessingInitializeOnLoad (321ms)
			ProcessInitializeOnLoadAttributes (898ms)
			ProcessInitializeOnLoadMethodAttributes (83ms)
			AfterProcessingInitializeOnLoad (29ms)
			EditorAssembliesLoaded (0ms)
		ExecutionOrderSort2 (0ms)
		AwakeInstancesAfterBackupRestoration (15ms)
Launched and connected shader compiler UnityShaderCompiler.exe after 0.21 seconds
Refreshing native plugins compatible for Editor in 17.50 ms, found 4 plugins.
Preloading 0 native plugins for Editor in 0.00 ms.
Unloading 4036 Unused Serialized files (Serialized files now loaded: 0)
Unloading 69 unused Assets / (199.1 KB). Loaded Objects now: 4493.
Memory consumption went from 143.5 MB to 143.3 MB.
Total: 5.917700 ms (FindLiveObjects: 0.421000 ms CreateObjectMapping: 0.417800 ms MarkObjects: 4.768700 ms  DeleteObjects: 0.308700 ms)

AssetImportParameters requested are different than current active one (requested -> active):
  custom:container-demuxer-ogg: 62fdf1f143b41e24485cea50d1cbac27 -> 
  custom:video-decoder-ogg-theora: a1e56fd34408186e4bbccfd4996cb3dc -> 
  custom:framework-win-MediaFoundation: 216162199b28c13a410421893ffa2e32 -> 
  custom:CustomObjectIndexerAttribute: 9a22284fe3817be447336de3de66b15e -> 
  custom:container-demuxer-webm: 4f35f7cbe854078d1ac9338744f61a02 -> 
  custom:container-muxer-webm: aa71ff27fc2769a1b78a27578f13a17b -> 
  custom:video-decoder-webm-vp8: 9c59270c3fd7afecdb556c50c9e8de78 -> 
  custom:SearchIndexIgnoredProperties: e643bd26f0fe6173181afceb89e7c659 -> 
  custom:AudioImporter_EditorPlatform: d09bf68614088b80899f8185d706f6e7 -> 
  custom:video-encoder-webm-vp8: eb34c28f22e8b96e1ab97ce403110664 -> 
  custom:audio-decoder-ogg-vorbis: bf7c407c2cedff20999df2af8eb42d56 -> 
  custom:audio-encoder-webm-vorbis: bf7c407c2cedff20999df2af8eb42d56 -> 
========================================================================
Received Prepare
Begin MonoManager ReloadAssembly
- Loaded All Assemblies, in  5.366 seconds
Refreshing native plugins compatible for Editor in 33.82 ms, found 4 plugins.
Native extension for WindowsStandalone target not found
[Package Manager] Server::EnsureServerProcessIsRunning -- launch failed, reason: Unity was launched with the -noUpm command-line argument
[Package Manager] UpmClient::Send -- Unable to send message (not connected to UPM process).
[Package Manager] Cannot connect to Unity Package Manager local server
Mono: successfully reloaded assembly
- Finished resetting the current domain, in 10.757 seconds
Domain Reload Profiling: 16104ms
	BeginReloadAssembly (1395ms)
		ExecutionOrderSort (0ms)
		DisableScriptedObjects (56ms)
		BackupInstance (0ms)
		ReleaseScriptingObjects (0ms)
		CreateAndSetChildDomain (192ms)
	RebuildCommonClasses (1014ms)
	RebuildNativeTypeToScriptingClass (265ms)
	initialDomainReloadingComplete (539ms)
	LoadAllAssembliesAndSetupDomain (2134ms)
		LoadAssemblies (2979ms)
		RebuildTransferFunctionScriptingTraits (0ms)
		AnalyzeDomain (103ms)
			TypeCache.Refresh (17ms)
				TypeCache.ScanAssembly (0ms)
			ScanForSourceGeneratedMonoScriptInfo (1ms)
			ResolveRequiredComponents (77ms)
	FinalizeReload (10758ms)
		ReleaseScriptCaches (0ms)
		RebuildScriptCaches (0ms)
		SetupLoadedEditorAssemblies (4392ms)
			LogAssemblyErrors (0ms)
			InitializePlatformSupportModulesInManaged (63ms)
			SetLoadedEditorAssemblies (53ms)
			RefreshPlugins (0ms)
			BeforeProcessingInitializeOnLoad (957ms)
			ProcessInitializeOnLoadAttributes (3012ms)
			ProcessInitializeOnLoadMethodAttributes (217ms)
			AfterProcessingInitializeOnLoad (89ms)
			EditorAssembliesLoaded (2ms)
		ExecutionOrderSort2 (0ms)
		AwakeInstancesAfterBackupRestoration (56ms)
Refreshing native plugins compatible for Editor in 80.72 ms, found 4 plugins.
Preloading 0 native plugins for Editor in 0.00 ms.
Unloading 4030 Unused Serialized files (Serialized files now loaded: 0)
Unloading 41 unused Assets / (170.8 KB). Loaded Objects now: 4498.
Memory consumption went from 143.9 MB to 143.7 MB.
Total: 76.709700 ms (FindLiveObjects: 11.823500 ms CreateObjectMapping: 1.048100 ms MarkObjects: 60.577300 ms  DeleteObjects: 3.257800 ms)

Prepare: number of updated asset objects reloaded= 0
AssetImportParameters requested are different than current active one (requested -> active):
  custom:container-demuxer-ogg: 62fdf1f143b41e24485cea50d1cbac27 -> 
  custom:video-decoder-ogg-theora: a1e56fd34408186e4bbccfd4996cb3dc -> 
  custom:framework-win-MediaFoundation: 216162199b28c13a410421893ffa2e32 -> 
  custom:CustomObjectIndexerAttribute: 9a22284fe3817be447336de3de66b15e -> 
  custom:container-demuxer-webm: 4f35f7cbe854078d1ac9338744f61a02 -> 
  custom:container-muxer-webm: aa71ff27fc2769a1b78a27578f13a17b -> 
  custom:video-decoder-webm-vp8: 9c59270c3fd7afecdb556c50c9e8de78 -> 
  custom:SearchIndexIgnoredProperties: e643bd26f0fe6173181afceb89e7c659 -> 
  custom:AudioImporter_EditorPlatform: d09bf68614088b80899f8185d706f6e7 -> 
  custom:video-encoder-webm-vp8: eb34c28f22e8b96e1ab97ce403110664 -> 
  custom:audio-decoder-ogg-vorbis: bf7c407c2cedff20999df2af8eb42d56 -> 
  custom:audio-encoder-webm-vorbis: bf7c407c2cedff20999df2af8eb42d56 -> 
========================================================================
Received Prepare
Begin MonoManager ReloadAssembly
- Loaded All Assemblies, in  6.136 seconds
Refreshing native plugins compatible for Editor in 23.27 ms, found 4 plugins.
Native extension for WindowsStandalone target not found
[Package Manager] Server::EnsureServerProcessIsRunning -- launch failed, reason: Unity was launched with the -noUpm command-line argument
[Package Manager] UpmClient::Send -- Unable to send message (not connected to UPM process).
[Package Manager] Cannot connect to Unity Package Manager local server
Mono: successfully reloaded assembly
- Finished resetting the current domain, in  9.457 seconds
Domain Reload Profiling: 15558ms
	BeginReloadAssembly (1517ms)
		ExecutionOrderSort (0ms)
		DisableScriptedObjects (144ms)
		BackupInstance (0ms)
		ReleaseScriptingObjects (2ms)
		CreateAndSetChildDomain (263ms)
	RebuildCommonClasses (325ms)
	RebuildNativeTypeToScriptingClass (274ms)
	initialDomainReloadingComplete (417ms)
	LoadAllAssembliesAndSetupDomain (3567ms)
		LoadAssemblies (4300ms)
		RebuildTransferFunctionScriptingTraits (0ms)
		AnalyzeDomain (86ms)
			TypeCache.Refresh (19ms)
				TypeCache.ScanAssembly (0ms)
			ScanForSourceGeneratedMonoScriptInfo (3ms)
			ResolveRequiredComponents (61ms)
	FinalizeReload (9458ms)
		ReleaseScriptCaches (0ms)
		RebuildScriptCaches (0ms)
		SetupLoadedEditorAssemblies (4295ms)
			LogAssemblyErrors (0ms)
			InitializePlatformSupportModulesInManaged (89ms)
			SetLoadedEditorAssemblies (34ms)
			RefreshPlugins (0ms)
			BeforeProcessingInitializeOnLoad (1391ms)
			ProcessInitializeOnLoadAttributes (2547ms)
			ProcessInitializeOnLoadMethodAttributes (184ms)
			AfterProcessingInitializeOnLoad (47ms)
			EditorAssembliesLoaded (1ms)
		ExecutionOrderSort2 (0ms)
		AwakeInstancesAfterBackupRestoration (48ms)
Refreshing native plugins compatible for Editor in 26.22 ms, found 4 plugins.
Preloading 0 native plugins for Editor in 0.00 ms.
Unloading 4030 Unused Serialized files (Serialized files now loaded: 0)
Unloading 41 unused Assets / (171.1 KB). Loaded Objects now: 4502.
Memory consumption went from 145.8 MB to 145.7 MB.
Total: 163.384100 ms (FindLiveObjects: 5.976400 ms CreateObjectMapping: 8.973000 ms MarkObjects: 146.923100 ms  DeleteObjects: 1.508300 ms)

Prepare: number of updated asset objects reloaded= 0
AssetImportParameters requested are different than current active one (requested -> active):
  custom:container-demuxer-ogg: 62fdf1f143b41e24485cea50d1cbac27 -> 
  custom:video-decoder-ogg-theora: a1e56fd34408186e4bbccfd4996cb3dc -> 
  custom:framework-win-MediaFoundation: 216162199b28c13a410421893ffa2e32 -> 
  custom:CustomObjectIndexerAttribute: 9a22284fe3817be447336de3de66b15e -> 
  custom:container-demuxer-webm: 4f35f7cbe854078d1ac9338744f61a02 -> 
  custom:container-muxer-webm: aa71ff27fc2769a1b78a27578f13a17b -> 
  custom:video-decoder-webm-vp8: 9c59270c3fd7afecdb556c50c9e8de78 -> 
  custom:SearchIndexIgnoredProperties: e643bd26f0fe6173181afceb89e7c659 -> 
  custom:AudioImporter_EditorPlatform: d09bf68614088b80899f8185d706f6e7 -> 
  custom:video-encoder-webm-vp8: eb34c28f22e8b96e1ab97ce403110664 -> 
  custom:audio-decoder-ogg-vorbis: bf7c407c2cedff20999df2af8eb42d56 -> 
  custom:audio-encoder-webm-vorbis: bf7c407c2cedff20999df2af8eb42d56 -> 
========================================================================
Received Prepare
Begin MonoManager ReloadAssembly
- Loaded All Assemblies, in  3.322 seconds
Refreshing native plugins compatible for Editor in 50.48 ms, found 4 plugins.
Native extension for WindowsStandalone target not found
[Package Manager] Server::EnsureServerProcessIsRunning -- launch failed, reason: Unity was launched with the -noUpm command-line argument
[Package Manager] UpmClient::Send -- Unable to send message (not connected to UPM process).
[Package Manager] Cannot connect to Unity Package Manager local server
Mono: successfully reloaded assembly
- Finished resetting the current domain, in  9.957 seconds
Domain Reload Profiling: 13261ms
	BeginReloadAssembly (641ms)
		ExecutionOrderSort (0ms)
		DisableScriptedObjects (43ms)
		BackupInstance (0ms)
		ReleaseScriptingObjects (0ms)
		CreateAndSetChildDomain (116ms)
	RebuildCommonClasses (126ms)
	RebuildNativeTypeToScriptingClass (54ms)
	initialDomainReloadingComplete (129ms)
	LoadAllAssembliesAndSetupDomain (2352ms)
		LoadAssemblies (2648ms)
		RebuildTransferFunctionScriptingTraits (0ms)
		AnalyzeDomain (79ms)
			TypeCache.Refresh (30ms)
				TypeCache.ScanAssembly (0ms)
			ScanForSourceGeneratedMonoScriptInfo (1ms)
			ResolveRequiredComponents (45ms)
	FinalizeReload (9960ms)
		ReleaseScriptCaches (0ms)
		RebuildScriptCaches (0ms)
		SetupLoadedEditorAssemblies (3941ms)
			LogAssemblyErrors (0ms)
			InitializePlatformSupportModulesInManaged (68ms)
			SetLoadedEditorAssemblies (37ms)
			RefreshPlugins (0ms)
			BeforeProcessingInitializeOnLoad (931ms)
			ProcessInitializeOnLoadAttributes (2480ms)
			ProcessInitializeOnLoadMethodAttributes (340ms)
			AfterProcessingInitializeOnLoad (83ms)
			EditorAssembliesLoaded (3ms)
		ExecutionOrderSort2 (0ms)
		AwakeInstancesAfterBackupRestoration (101ms)
Refreshing native plugins compatible for Editor in 31.33 ms, found 4 plugins.
Preloading 0 native plugins for Editor in 0.00 ms.
Unloading 4030 Unused Serialized files (Serialized files now loaded: 0)
Unloading 41 unused Assets / (171.2 KB). Loaded Objects now: 4506.
Memory consumption went from 147.8 MB to 147.6 MB.
Total: 30.504100 ms (FindLiveObjects: 1.397500 ms CreateObjectMapping: 2.033700 ms MarkObjects: 26.493700 ms  DeleteObjects: 0.576600 ms)

Prepare: number of updated asset objects reloaded= 0
AssetImportParameters requested are different than current active one (requested -> active):
  custom:container-demuxer-ogg: 62fdf1f143b41e24485cea50d1cbac27 -> 
  custom:video-decoder-ogg-theora: a1e56fd34408186e4bbccfd4996cb3dc -> 
  custom:framework-win-MediaFoundation: 216162199b28c13a410421893ffa2e32 -> 
  custom:CustomObjectIndexerAttribute: 9a22284fe3817be447336de3de66b15e -> 
  custom:container-demuxer-webm: 4f35f7cbe854078d1ac9338744f61a02 -> 
  custom:container-muxer-webm: aa71ff27fc2769a1b78a27578f13a17b -> 
  custom:video-decoder-webm-vp8: 9c59270c3fd7afecdb556c50c9e8de78 -> 
  custom:SearchIndexIgnoredProperties: e643bd26f0fe6173181afceb89e7c659 -> 
  custom:AudioImporter_EditorPlatform: d09bf68614088b80899f8185d706f6e7 -> 
  custom:video-encoder-webm-vp8: eb34c28f22e8b96e1ab97ce403110664 -> 
  custom:audio-decoder-ogg-vorbis: bf7c407c2cedff20999df2af8eb42d56 -> 
  custom:audio-encoder-webm-vorbis: bf7c407c2cedff20999df2af8eb42d56 -> 
========================================================================
Received Prepare
Begin MonoManager ReloadAssembly
- Loaded All Assemblies, in  8.244 seconds
Refreshing native plugins compatible for Editor in 402.81 ms, found 4 plugins.
Native extension for WindowsStandalone target not found
[Package Manager] Server::EnsureServerProcessIsRunning -- launch failed, reason: Unity was launched with the -noUpm command-line argument
[Package Manager] UpmClient::Send -- Unable to send message (not connected to UPM process).
[Package Manager] Cannot connect to Unity Package Manager local server
Mono: successfully reloaded assembly
- Finished resetting the current domain, in  9.198 seconds
Domain Reload Profiling: 17377ms
	BeginReloadAssembly (3031ms)
		ExecutionOrderSort (0ms)
		DisableScriptedObjects (249ms)
		BackupInstance (0ms)
		ReleaseScriptingObjects (1ms)
		CreateAndSetChildDomain (1465ms)
	RebuildCommonClasses (309ms)
	RebuildNativeTypeToScriptingClass (152ms)
	initialDomainReloadingComplete (427ms)
	LoadAllAssembliesAndSetupDomain (4258ms)
		LoadAssemblies (5204ms)
		RebuildTransferFunctionScriptingTraits (0ms)
		AnalyzeDomain (113ms)
			TypeCache.Refresh (46ms)
				TypeCache.ScanAssembly (0ms)
			ScanForSourceGeneratedMonoScriptInfo (1ms)
			ResolveRequiredComponents (61ms)
	FinalizeReload (9200ms)
		ReleaseScriptCaches (0ms)
		RebuildScriptCaches (0ms)
		SetupLoadedEditorAssemblies (3563ms)
			LogAssemblyErrors (0ms)
			InitializePlatformSupportModulesInManaged (68ms)
			SetLoadedEditorAssemblies (28ms)
			RefreshPlugins (0ms)
			BeforeProcessingInitializeOnLoad (866ms)
			ProcessInitializeOnLoadAttributes (2304ms)
			ProcessInitializeOnLoadMethodAttributes (221ms)
			AfterProcessingInitializeOnLoad (76ms)
			EditorAssembliesLoaded (1ms)
		ExecutionOrderSort2 (0ms)
		AwakeInstancesAfterBackupRestoration (71ms)
Refreshing native plugins compatible for Editor in 75.91 ms, found 4 plugins.
Preloading 0 native plugins for Editor in 0.00 ms.
Unloading 4030 Unused Serialized files (Serialized files now loaded: 0)
Unloading 41 unused Assets / (171.1 KB). Loaded Objects now: 4510.
Memory consumption went from 149.7 MB to 149.5 MB.
Total: 20.527800 ms (FindLiveObjects: 2.559500 ms CreateObjectMapping: 0.668400 ms MarkObjects: 16.585200 ms  DeleteObjects: 0.712200 ms)

Prepare: number of updated asset objects reloaded= 0
AssetImportParameters requested are different than current active one (requested -> active):
  custom:container-demuxer-ogg: 62fdf1f143b41e24485cea50d1cbac27 -> 
  custom:video-decoder-ogg-theora: a1e56fd34408186e4bbccfd4996cb3dc -> 
  custom:framework-win-MediaFoundation: 216162199b28c13a410421893ffa2e32 -> 
  custom:CustomObjectIndexerAttribute: 9a22284fe3817be447336de3de66b15e -> 
  custom:container-demuxer-webm: 4f35f7cbe854078d1ac9338744f61a02 -> 
  custom:container-muxer-webm: aa71ff27fc2769a1b78a27578f13a17b -> 
  custom:video-decoder-webm-vp8: 9c59270c3fd7afecdb556c50c9e8de78 -> 
  custom:SearchIndexIgnoredProperties: e643bd26f0fe6173181afceb89e7c659 -> 
  custom:AudioImporter_EditorPlatform: d09bf68614088b80899f8185d706f6e7 -> 
  custom:video-encoder-webm-vp8: eb34c28f22e8b96e1ab97ce403110664 -> 
  custom:audio-decoder-ogg-vorbis: bf7c407c2cedff20999df2af8eb42d56 -> 
  custom:audio-encoder-webm-vorbis: bf7c407c2cedff20999df2af8eb42d56 -> 
========================================================================
Received Prepare
Begin MonoManager ReloadAssembly
- Loaded All Assemblies, in  5.742 seconds
Refreshing native plugins compatible for Editor in 70.20 ms, found 4 plugins.
Native extension for WindowsStandalone target not found
[Package Manager] Server::EnsureServerProcessIsRunning -- launch failed, reason: Unity was launched with the -noUpm command-line argument
[Package Manager] UpmClient::Send -- Unable to send message (not connected to UPM process).
[Package Manager] Cannot connect to Unity Package Manager local server
Mono: successfully reloaded assembly
- Finished resetting the current domain, in  9.141 seconds
Domain Reload Profiling: 14852ms
	BeginReloadAssembly (1870ms)
		ExecutionOrderSort (0ms)
		DisableScriptedObjects (109ms)
		BackupInstance (0ms)
		ReleaseScriptingObjects (0ms)
		CreateAndSetChildDomain (870ms)
	RebuildCommonClasses (339ms)
	RebuildNativeTypeToScriptingClass (110ms)
	initialDomainReloadingComplete (467ms)
	LoadAllAssembliesAndSetupDomain (2923ms)
		LoadAssemblies (3445ms)
		RebuildTransferFunctionScriptingTraits (0ms)
		AnalyzeDomain (142ms)
			TypeCache.Refresh (50ms)
				TypeCache.ScanAssembly (0ms)
			ScanForSourceGeneratedMonoScriptInfo (1ms)
			ResolveRequiredComponents (86ms)
	FinalizeReload (9143ms)
		ReleaseScriptCaches (0ms)
		RebuildScriptCaches (0ms)
		SetupLoadedEditorAssemblies (3486ms)
			LogAssemblyErrors (0ms)
			InitializePlatformSupportModulesInManaged (54ms)
			SetLoadedEditorAssemblies (22ms)
			RefreshPlugins (0ms)
			BeforeProcessingInitializeOnLoad (882ms)
			ProcessInitializeOnLoadAttributes (2263ms)
			ProcessInitializeOnLoadMethodAttributes (221ms)
			AfterProcessingInitializeOnLoad (42ms)
			EditorAssembliesLoaded (1ms)
		ExecutionOrderSort2 (0ms)
		AwakeInstancesAfterBackupRestoration (45ms)
Refreshing native plugins compatible for Editor in 18.40 ms, found 4 plugins.
Preloading 0 native plugins for Editor in 0.00 ms.
Unloading 4030 Unused Serialized files (Serialized files now loaded: 0)
Unloading 41 unused Assets / (170.8 KB). Loaded Objects now: 4514.
Memory consumption went from 151.6 MB to 151.5 MB.
Total: 9.035300 ms (FindLiveObjects: 0.452000 ms CreateObjectMapping: 0.431700 ms MarkObjects: 7.435400 ms  DeleteObjects: 0.335200 ms)

Prepare: number of updated asset objects reloaded= 0
AssetImportParameters requested are different than current active one (requested -> active):
  custom:container-demuxer-ogg: 62fdf1f143b41e24485cea50d1cbac27 -> 
  custom:video-decoder-ogg-theora: a1e56fd34408186e4bbccfd4996cb3dc -> 
  custom:framework-win-MediaFoundation: 216162199b28c13a410421893ffa2e32 -> 
  custom:CustomObjectIndexerAttribute: 9a22284fe3817be447336de3de66b15e -> 
  custom:container-demuxer-webm: 4f35f7cbe854078d1ac9338744f61a02 -> 
  custom:container-muxer-webm: aa71ff27fc2769a1b78a27578f13a17b -> 
  custom:video-decoder-webm-vp8: 9c59270c3fd7afecdb556c50c9e8de78 -> 
  custom:SearchIndexIgnoredProperties: e643bd26f0fe6173181afceb89e7c659 -> 
  custom:AudioImporter_EditorPlatform: d09bf68614088b80899f8185d706f6e7 -> 
  custom:video-encoder-webm-vp8: eb34c28f22e8b96e1ab97ce403110664 -> 
  custom:audio-decoder-ogg-vorbis: bf7c407c2cedff20999df2af8eb42d56 -> 
  custom:audio-encoder-webm-vorbis: bf7c407c2cedff20999df2af8eb42d56 -> 
========================================================================
Received Prepare
Begin MonoManager ReloadAssembly
- Loaded All Assemblies, in  3.245 seconds
Refreshing native plugins compatible for Editor in 38.23 ms, found 4 plugins.
Native extension for WindowsStandalone target not found
[Package Manager] Server::EnsureServerProcessIsRunning -- launch failed, reason: Unity was launched with the -noUpm command-line argument
[Package Manager] UpmClient::Send -- Unable to send message (not connected to UPM process).
[Package Manager] Cannot connect to Unity Package Manager local server
Mono: successfully reloaded assembly
- Finished resetting the current domain, in  9.223 seconds
Domain Reload Profiling: 12400ms
	BeginReloadAssembly (681ms)
		ExecutionOrderSort (0ms)
		DisableScriptedObjects (42ms)
		BackupInstance (0ms)
		ReleaseScriptingObjects (0ms)
		CreateAndSetChildDomain (103ms)
	RebuildCommonClasses (169ms)
	RebuildNativeTypeToScriptingClass (56ms)
	initialDomainReloadingComplete (129ms)
	LoadAllAssembliesAndSetupDomain (2141ms)
		LoadAssemblies (2517ms)
		RebuildTransferFunctionScriptingTraits (0ms)
		AnalyzeDomain (69ms)
			TypeCache.Refresh (20ms)
				TypeCache.ScanAssembly (0ms)
			ScanForSourceGeneratedMonoScriptInfo (2ms)
			ResolveRequiredComponents (45ms)
	FinalizeReload (9225ms)
		ReleaseScriptCaches (0ms)
		RebuildScriptCaches (0ms)
		SetupLoadedEditorAssemblies (3909ms)
			LogAssemblyErrors (0ms)
			InitializePlatformSupportModulesInManaged (84ms)
			SetLoadedEditorAssemblies (23ms)
			RefreshPlugins (0ms)
			BeforeProcessingInitializeOnLoad (922ms)
			ProcessInitializeOnLoadAttributes (2586ms)
			ProcessInitializeOnLoadMethodAttributes (207ms)
			AfterProcessingInitializeOnLoad (86ms)
			EditorAssembliesLoaded (1ms)
		ExecutionOrderSort2 (0ms)
		AwakeInstancesAfterBackupRestoration (90ms)
Refreshing native plugins compatible for Editor in 56.79 ms, found 4 plugins.
Preloading 0 native plugins for Editor in 0.00 ms.
Unloading 4030 Unused Serialized files (Serialized files now loaded: 0)
Unloading 41 unused Assets / (170.8 KB). Loaded Objects now: 4518.
Memory consumption went from 153.5 MB to 153.4 MB.
Total: 13.569900 ms (FindLiveObjects: 1.393900 ms CreateObjectMapping: 0.868000 ms MarkObjects: 10.694000 ms  DeleteObjects: 0.611900 ms)

Prepare: number of updated asset objects reloaded= 0
AssetImportParameters requested are different than current active one (requested -> active):
  custom:container-demuxer-ogg: 62fdf1f143b41e24485cea50d1cbac27 -> 
  custom:video-decoder-ogg-theora: a1e56fd34408186e4bbccfd4996cb3dc -> 
  custom:framework-win-MediaFoundation: 216162199b28c13a410421893ffa2e32 -> 
  custom:CustomObjectIndexerAttribute: 9a22284fe3817be447336de3de66b15e -> 
  custom:container-demuxer-webm: 4f35f7cbe854078d1ac9338744f61a02 -> 
  custom:container-muxer-webm: aa71ff27fc2769a1b78a27578f13a17b -> 
  custom:video-decoder-webm-vp8: 9c59270c3fd7afecdb556c50c9e8de78 -> 
  custom:SearchIndexIgnoredProperties: e643bd26f0fe6173181afceb89e7c659 -> 
  custom:AudioImporter_EditorPlatform: d09bf68614088b80899f8185d706f6e7 -> 
  custom:video-encoder-webm-vp8: eb34c28f22e8b96e1ab97ce403110664 -> 
  custom:audio-decoder-ogg-vorbis: bf7c407c2cedff20999df2af8eb42d56 -> 
  custom:audio-encoder-webm-vorbis: bf7c407c2cedff20999df2af8eb42d56 -> 
========================================================================
Received Import Request.
  Time since last request: 2104527.120986 seconds.
  path: Assets/Sprites/Tiles/Palettes/Terrain (16x16)_0.asset
  artifactKey: Guid(a40bbdcdf10d3dc49bab4a0eca9d329c) Importer(815301076,1909f56bfc062723c751e8b465ee728b)
Start importing Assets/Sprites/Tiles/Palettes/Terrain (16x16)_0.asset using Guid(a40bbdcdf10d3dc49bab4a0eca9d329c) Importer(815301076,1909f56bfc062723c751e8b465ee728b)  -> (artifact id: '1ebda963b9e3d53682f55a54293e6fb1') in 7.747768 seconds
Number of updated asset objects reloaded before import = 0
Number of asset objects unloaded after import = 3
========================================================================
Received Import Request.
  Time since last request: 0.000150 seconds.
  path: Assets/Sprites/Tiles/Palettes/Terrain (16x16)_26.asset
  artifactKey: Guid(1d55297735f345f48b7fbabbb4476697) Importer(815301076,1909f56bfc062723c751e8b465ee728b)
Start importing Assets/Sprites/Tiles/Palettes/Terrain (16x16)_26.asset using Guid(1d55297735f345f48b7fbabbb4476697) Importer(815301076,1909f56bfc062723c751e8b465ee728b)  -> (artifact id: '802aeca6566fe076f91e215aa3f91dbc') in 0.310201 seconds
Number of updated asset objects reloaded before import = 0
Number of asset objects unloaded after import = 3
========================================================================
Received Import Request.
  Time since last request: 0.020232 seconds.
  path: Assets/Sprites/Tiles/Palettes/Terrain (16x16)_34.asset
  artifactKey: Guid(8c74622d3afd1854eba918d25d04b1e8) Importer(815301076,1909f56bfc062723c751e8b465ee728b)
Start importing Assets/Sprites/Tiles/Palettes/Terrain (16x16)_34.asset using Guid(8c74622d3afd1854eba918d25d04b1e8) Importer(815301076,1909f56bfc062723c751e8b465ee728b)  -> (artifact id: '0e134d3be631ab26177d488957a8ced3') in 0.234966 seconds
Number of updated asset objects reloaded before import = 0
Number of asset objects unloaded after import = 3
========================================================================
Received Import Request.
  Time since last request: 0.001820 seconds.
  path: Assets/Sprites/Tiles/Palettes/Terrain (16x16)_38.asset
  artifactKey: Guid(f66ea55bddddfeb4591266a1a852ab48) Importer(815301076,1909f56bfc062723c751e8b465ee728b)
Start importing Assets/Sprites/Tiles/Palettes/Terrain (16x16)_38.asset using Guid(f66ea55bddddfeb4591266a1a852ab48) Importer(815301076,1909f56bfc062723c751e8b465ee728b)  -> (artifact id: '4c193ce67e3fa1827ad9e0d4fe62b90c') in 0.244319 seconds
Number of updated asset objects reloaded before import = 0
Number of asset objects unloaded after import = 3
========================================================================
Received Import Request.
  Time since last request: 0.000331 seconds.
  path: Assets/Sprites/Tiles/Palettes/Terrain (16x16)_9.asset
  artifactKey: Guid(ae0ddf2860fff654088a6eaba10fc2dc) Importer(815301076,1909f56bfc062723c751e8b465ee728b)
Start importing Assets/Sprites/Tiles/Palettes/Terrain (16x16)_9.asset using Guid(ae0ddf2860fff654088a6eaba10fc2dc) Importer(815301076,1909f56bfc062723c751e8b465ee728b)  -> (artifact id: '4ef08b47b769d3f4580f7c99e8c24480') in 0.182212 seconds
Number of updated asset objects reloaded before import = 0
Number of asset objects unloaded after import = 3
========================================================================
Received Import Request.
  Time since last request: 0.000452 seconds.
  path: Assets/Sprites/Tiles/Palettes/Terrain (16x16)_17.asset
  artifactKey: Guid(7b6e1020989ec094ab5146171a986cb6) Importer(815301076,1909f56bfc062723c751e8b465ee728b)
Start importing Assets/Sprites/Tiles/Palettes/Terrain (16x16)_17.asset using Guid(7b6e1020989ec094ab5146171a986cb6) Importer(815301076,1909f56bfc062723c751e8b465ee728b)  -> (artifact id: '4ee80521ce1d91b727d964a92d2c0c6c') in 0.088000 seconds
Number of updated asset objects reloaded before import = 0
Number of asset objects unloaded after import = 3
========================================================================
Received Import Request.
  Time since last request: 0.000208 seconds.
  path: Assets/Sprites/Tiles/Palettes/Terrain (16x16)_30.asset
  artifactKey: Guid(f7fa537d5c4c0414985793c03c7465c3) Importer(815301076,1909f56bfc062723c751e8b465ee728b)
Start importing Assets/Sprites/Tiles/Palettes/Terrain (16x16)_30.asset using Guid(f7fa537d5c4c0414985793c03c7465c3) Importer(815301076,1909f56bfc062723c751e8b465ee728b)  -> (artifact id: 'e076593a33bb6b13cd8219ca499ce84f') in 0.242732 seconds
Number of updated asset objects reloaded before import = 0
Number of asset objects unloaded after import = 3
========================================================================
Received Import Request.
  Time since last request: 0.000294 seconds.
  path: Assets/Sprites/Tiles/Palettes/Terrain (16x16)_16.asset
  artifactKey: Guid(443e33cb860bc9140a9ec7992d20819c) Importer(815301076,1909f56bfc062723c751e8b465ee728b)
Start importing Assets/Sprites/Tiles/Palettes/Terrain (16x16)_16.asset using Guid(443e33cb860bc9140a9ec7992d20819c) Importer(815301076,1909f56bfc062723c751e8b465ee728b)  -> (artifact id: 'ae87455f653ce30d634f7afb3f25d782') in 0.145479 seconds
Number of updated asset objects reloaded before import = 0
Number of asset objects unloaded after import = 3
========================================================================
Received Import Request.
  Time since last request: 0.002032 seconds.
  path: Assets/Sprites/Tiles/Palettes/Terrain (16x16)_15.asset
  artifactKey: Guid(7ace4cc7631f5b24585487dc2680894b) Importer(815301076,1909f56bfc062723c751e8b465ee728b)
Start importing Assets/Sprites/Tiles/Palettes/Terrain (16x16)_15.asset using Guid(7ace4cc7631f5b24585487dc2680894b) Importer(815301076,1909f56bfc062723c751e8b465ee728b)  -> (artifact id: 'bb4f1f7035e33363825af88660d95663') in 0.266022 seconds
Number of updated asset objects reloaded before import = 0
Number of asset objects unloaded after import = 3
========================================================================
Received Import Request.
  Time since last request: 0.000511 seconds.
  path: Assets/Sprites/Tiles/Palettes/Terrain (16x16)_14.asset
  artifactKey: Guid(c0aa4d90c3b7afc4bb9a2c5aead3fed2) Importer(815301076,1909f56bfc062723c751e8b465ee728b)
Start importing Assets/Sprites/Tiles/Palettes/Terrain (16x16)_14.asset using Guid(c0aa4d90c3b7afc4bb9a2c5aead3fed2) Importer(815301076,1909f56bfc062723c751e8b465ee728b)  -> (artifact id: '35e506d4edf944957856da6b7fa7eb05') in 0.062491 seconds
Number of updated asset objects reloaded before import = 0
Number of asset objects unloaded after import = 3
========================================================================
Received Import Request.
  Time since last request: 0.000457 seconds.
  path: Assets/Sprites/Tiles/Palettes/Terrain (16x16)_13.asset
  artifactKey: Guid(fee201acb5861ce4a9dcfb6a6b5d4376) Importer(815301076,1909f56bfc062723c751e8b465ee728b)
Start importing Assets/Sprites/Tiles/Palettes/Terrain (16x16)_13.asset using Guid(fee201acb5861ce4a9dcfb6a6b5d4376) Importer(815301076,1909f56bfc062723c751e8b465ee728b)  -> (artifact id: '412e1a52f4b88c80ae83189bb10ad7dd') in 0.128014 seconds
Number of updated asset objects reloaded before import = 0
Number of asset objects unloaded after import = 3
========================================================================
Received Import Request.
  Time since last request: 0.000295 seconds.
  path: Assets/Sprites/Tiles/Palettes/Terrain (16x16)_4.asset
  artifactKey: Guid(0025a92d5feee7244b56bfb66f0d4a09) Importer(815301076,1909f56bfc062723c751e8b465ee728b)
Start importing Assets/Sprites/Tiles/Palettes/Terrain (16x16)_4.asset using Guid(0025a92d5feee7244b56bfb66f0d4a09) Importer(815301076,1909f56bfc062723c751e8b465ee728b)  -> (artifact id: '7290a9aaebfcf169e2fbfea10484ab84') in 0.266914 seconds
Number of updated asset objects reloaded before import = 0
Number of asset objects unloaded after import = 3
========================================================================
Received Import Request.
  Time since last request: 0.000361 seconds.
  path: Assets/Sprites/Tiles/Palettes/Terrain (16x16)_32.asset
  artifactKey: Guid(28568472ce89efd4cb3af3048ea55433) Importer(815301076,1909f56bfc062723c751e8b465ee728b)
Start importing Assets/Sprites/Tiles/Palettes/Terrain (16x16)_32.asset using Guid(28568472ce89efd4cb3af3048ea55433) Importer(815301076,1909f56bfc062723c751e8b465ee728b)  -> (artifact id: '10ad83ffda6780041bbe992248d610db') in 0.085679 seconds
Number of updated asset objects reloaded before import = 0
Number of asset objects unloaded after import = 3
========================================================================
Received Import Request.
  Time since last request: 0.000340 seconds.
  path: Assets/Sprites/Tiles/Palettes/Terrain (16x16)_37.asset
  artifactKey: Guid(2d35f282448defe4887c905a4bc0b67d) Importer(815301076,1909f56bfc062723c751e8b465ee728b)
Start importing Assets/Sprites/Tiles/Palettes/Terrain (16x16)_37.asset using Guid(2d35f282448defe4887c905a4bc0b67d) Importer(815301076,1909f56bfc062723c751e8b465ee728b)  -> (artifact id: '82ecbae31beeb55512f62d81d79ee870') in 0.359136 seconds
Number of updated asset objects reloaded before import = 0
Number of asset objects unloaded after import = 3
========================================================================
Received Import Request.
  Time since last request: 0.000536 seconds.
  path: Assets/Sprites/Tiles/Palettes/Terrain (16x16)_2.asset
  artifactKey: Guid(9a962c62712a88147b16846fc2f15757) Importer(815301076,1909f56bfc062723c751e8b465ee728b)
Start importing Assets/Sprites/Tiles/Palettes/Terrain (16x16)_2.asset using Guid(9a962c62712a88147b16846fc2f15757) Importer(815301076,1909f56bfc062723c751e8b465ee728b)  -> (artifact id: '357cd76282f3a45030215a92493aa4d8') in 0.069851 seconds
Number of updated asset objects reloaded before import = 0
Number of asset objects unloaded after import = 3
========================================================================
Received Import Request.
  Time since last request: 0.001059 seconds.
  path: Assets/Sprites/Tiles/Palettes/Terrain (16x16)_21.asset
  artifactKey: Guid(6528c4a7dccb7d64799dbc880b6d913d) Importer(815301076,1909f56bfc062723c751e8b465ee728b)
Start importing Assets/Sprites/Tiles/Palettes/Terrain (16x16)_21.asset using Guid(6528c4a7dccb7d64799dbc880b6d913d) Importer(815301076,1909f56bfc062723c751e8b465ee728b)  -> (artifact id: '2477c1b76e40487cd2db510284662616') in 0.097603 seconds
Number of updated asset objects reloaded before import = 0
Number of asset objects unloaded after import = 3
========================================================================
Received Import Request.
  Time since last request: 0.001776 seconds.
  path: Assets/Sprites/Tiles/Palettes/Terrain (16x16)_29.asset
  artifactKey: Guid(b20379e2f2f495b4696784d58b36292f) Importer(815301076,1909f56bfc062723c751e8b465ee728b)
Start importing Assets/Sprites/Tiles/Palettes/Terrain (16x16)_29.asset using Guid(b20379e2f2f495b4696784d58b36292f) Importer(815301076,1909f56bfc062723c751e8b465ee728b)  -> (artifact id: '14b7580f4d8acddee069e3a9eeb89274') in 0.263764 seconds
Number of updated asset objects reloaded before import = 0
Number of asset objects unloaded after import = 3
========================================================================
Received Import Request.
  Time since last request: 0.005155 seconds.
  path: Assets/Sprites/Tiles/Palettes/Terrain (16x16)_24.asset
  artifactKey: Guid(059c27bd1269a794090d934cd5d23857) Importer(815301076,1909f56bfc062723c751e8b465ee728b)
Start importing Assets/Sprites/Tiles/Palettes/Terrain (16x16)_24.asset using Guid(059c27bd1269a794090d934cd5d23857) Importer(815301076,1909f56bfc062723c751e8b465ee728b)  -> (artifact id: '7ce0aaf07a7152e5cbf3c9aa40d89b07') in 0.138655 seconds
Number of updated asset objects reloaded before import = 0
Number of asset objects unloaded after import = 3
========================================================================
Received Import Request.
  Time since last request: 0.001657 seconds.
  path: Assets/Sprites/Tiles/Palettes/Terrain (16x16)_19.asset
  artifactKey: Guid(58e9152e32b6ad84c849ecd731a716cc) Importer(815301076,1909f56bfc062723c751e8b465ee728b)
Start importing Assets/Sprites/Tiles/Palettes/Terrain (16x16)_19.asset using Guid(58e9152e32b6ad84c849ecd731a716cc) Importer(815301076,1909f56bfc062723c751e8b465ee728b)  -> (artifact id: '08f56845bfd7efd9d85f3c9a7902c1ad') in 0.205121 seconds
Number of updated asset objects reloaded before import = 0
Number of asset objects unloaded after import = 3
========================================================================
Received Import Request.
  Time since last request: 0.000108 seconds.
  path: Assets/Sprites/Tiles/Palettes/Terrain (16x16)_23.asset
  artifactKey: Guid(67eae6df76535b3479965ffbe025520b) Importer(815301076,1909f56bfc062723c751e8b465ee728b)
Start importing Assets/Sprites/Tiles/Palettes/Terrain (16x16)_23.asset using Guid(67eae6df76535b3479965ffbe025520b) Importer(815301076,1909f56bfc062723c751e8b465ee728b)  -> (artifact id: '80ccd94f2af9b2d5c37947f6d191f1cf') in 0.219539 seconds
Number of updated asset objects reloaded before import = 0
Number of asset objects unloaded after import = 3
========================================================================
Received Import Request.
  Time since last request: 0.052261 seconds.
  path: Assets/Sprites/Tiles/Palettes/Terrain (16x16)_8.asset
  artifactKey: Guid(63dbbc8e9dc2ee149af74beaf4c30348) Importer(815301076,1909f56bfc062723c751e8b465ee728b)
Start importing Assets/Sprites/Tiles/Palettes/Terrain (16x16)_8.asset using Guid(63dbbc8e9dc2ee149af74beaf4c30348) Importer(815301076,1909f56bfc062723c751e8b465ee728b)  -> (artifact id: 'db5446f9b3d104e54a6e11aebb054d3a') in 0.096962 seconds
Number of updated asset objects reloaded before import = 0
Number of asset objects unloaded after import = 3
========================================================================
Received Import Request.
  Time since last request: 0.000061 seconds.
  path: Assets/Sprites/Tiles/Palettes/Terrain (16x16)_5.asset
  artifactKey: Guid(722a6ce75a231bd44b5889e87b55860c) Importer(815301076,1909f56bfc062723c751e8b465ee728b)
Start importing Assets/Sprites/Tiles/Palettes/Terrain (16x16)_5.asset using Guid(722a6ce75a231bd44b5889e87b55860c) Importer(815301076,1909f56bfc062723c751e8b465ee728b)  -> (artifact id: '0c78e51e5f4c7ef5b0ecc8a355736082') in 0.111824 seconds
Number of updated asset objects reloaded before import = 0
Number of asset objects unloaded after import = 3
========================================================================
Received Import Request.
  Time since last request: 43.503562 seconds.
  path: Assets/Sprites/Tiles/Palettes/Terrain (16x16)_41.asset
  artifactKey: Guid(0a03cca22ce540e459e70ce4e918eac5) Importer(815301076,1909f56bfc062723c751e8b465ee728b)
Start importing Assets/Sprites/Tiles/Palettes/Terrain (16x16)_41.asset using Guid(0a03cca22ce540e459e70ce4e918eac5) Importer(815301076,1909f56bfc062723c751e8b465ee728b)  -> (artifact id: 'f8058a8e0fee9267f3141a2ef35198a5') in 0.165639 seconds
Number of updated asset objects reloaded before import = 0
Number of asset objects unloaded after import = 3
========================================================================
Received Import Request.
  Time since last request: 0.001104 seconds.
  path: Assets/Sprites/Tiles/Palettes/Terrain (16x16)_45.asset
  artifactKey: Guid(b7fe166ee50736d4ea24f0357789061f) Importer(815301076,1909f56bfc062723c751e8b465ee728b)
Start importing Assets/Sprites/Tiles/Palettes/Terrain (16x16)_45.asset using Guid(b7fe166ee50736d4ea24f0357789061f) Importer(815301076,1909f56bfc062723c751e8b465ee728b)  -> (artifact id: '8c7f43887c97a94ea2966f3dd261e0c9') in 0.090792 seconds
Number of updated asset objects reloaded before import = 0
Number of asset objects unloaded after import = 3
========================================================================
Received Import Request.
  Time since last request: 0.000497 seconds.
  path: Assets/Sprites/Tiles/Palettes/Terrain (16x16)_44.asset
  artifactKey: Guid(6f97810aee0869742b60f9fb8d6d9c3d) Importer(815301076,1909f56bfc062723c751e8b465ee728b)
Start importing Assets/Sprites/Tiles/Palettes/Terrain (16x16)_44.asset using Guid(6f97810aee0869742b60f9fb8d6d9c3d) Importer(815301076,1909f56bfc062723c751e8b465ee728b)  -> (artifact id: 'f9964ddf08f0e8575106f226025a2358') in 0.349795 seconds
Number of updated asset objects reloaded before import = 0
Number of asset objects unloaded after import = 3
========================================================================
Received Import Request.
  Time since last request: 0.000798 seconds.
  path: Assets/Sprites/Tiles/Palettes/Terrain (16x16)_48.asset
  artifactKey: Guid(02034d2857aca6d43bafca5de336c795) Importer(815301076,1909f56bfc062723c751e8b465ee728b)
Start importing Assets/Sprites/Tiles/Palettes/Terrain (16x16)_48.asset using Guid(02034d2857aca6d43bafca5de336c795) Importer(815301076,1909f56bfc062723c751e8b465ee728b)  -> (artifact id: '2b536e403621d0f9b28f6c70cbf6d594') in 0.179665 seconds
Number of updated asset objects reloaded before import = 0
Number of asset objects unloaded after import = 3
========================================================================
Received Import Request.
  Time since last request: 3.562413 seconds.
  path: Assets/Sprites/Tiles/Palettes/Terrain (16x16)_50.asset
  artifactKey: Guid(7ec57a1b09a814d418ef00693eccfc0d) Importer(815301076,1909f56bfc062723c751e8b465ee728b)
Start importing Assets/Sprites/Tiles/Palettes/Terrain (16x16)_50.asset using Guid(7ec57a1b09a814d418ef00693eccfc0d) Importer(815301076,1909f56bfc062723c751e8b465ee728b)  -> (artifact id: '4000e914b7e40b7907290585a4a40c00') in 0.076947 seconds
Number of updated asset objects reloaded before import = 0
Number of asset objects unloaded after import = 3
========================================================================
Received Import Request.
  Time since last request: 0.000292 seconds.
  path: Assets/Sprites/Tiles/Palettes/Terrain (16x16)_69.asset
  artifactKey: Guid(1db0fc01afab9c5478879daf83f7469e) Importer(815301076,1909f56bfc062723c751e8b465ee728b)
Start importing Assets/Sprites/Tiles/Palettes/Terrain (16x16)_69.asset using Guid(1db0fc01afab9c5478879daf83f7469e) Importer(815301076,1909f56bfc062723c751e8b465ee728b)  -> (artifact id: 'bc84061acdefdeca22bae4e1f1a5d5f9') in 0.325008 seconds
Number of updated asset objects reloaded before import = 0
Number of asset objects unloaded after import = 3
========================================================================
Received Import Request.
  Time since last request: 0.000338 seconds.
  path: Assets/Sprites/Tiles/Palettes/Terrain (16x16)_52.asset
  artifactKey: Guid(f04dff7b61e11c6408b8bc94ef29a2c0) Importer(815301076,1909f56bfc062723c751e8b465ee728b)
Start importing Assets/Sprites/Tiles/Palettes/Terrain (16x16)_52.asset using Guid(f04dff7b61e11c6408b8bc94ef29a2c0) Importer(815301076,1909f56bfc062723c751e8b465ee728b)  -> (artifact id: 'b86108efed9ddfb4f42eaf61daf75374') in 0.094371 seconds
Number of updated asset objects reloaded before import = 0
Number of asset objects unloaded after import = 3
========================================================================
Received Import Request.
  Time since last request: 0.000546 seconds.
  path: Assets/Sprites/Tiles/Palettes/Terrain (16x16)_61.asset
  artifactKey: Guid(ac65883df39fc974abbf2f70cd81e98e) Importer(815301076,1909f56bfc062723c751e8b465ee728b)
Start importing Assets/Sprites/Tiles/Palettes/Terrain (16x16)_61.asset using Guid(ac65883df39fc974abbf2f70cd81e98e) Importer(815301076,1909f56bfc062723c751e8b465ee728b)  -> (artifact id: '7caca97dfee6ba5084390fdebbd2550d') in 0.078263 seconds
Number of updated asset objects reloaded before import = 0
Number of asset objects unloaded after import = 3
========================================================================
Received Import Request.
  Time since last request: 0.002711 seconds.
  path: Assets/Sprites/Tiles/Palettes/Terrain (16x16)_58.asset
  artifactKey: Guid(a4d4b1a2eefc2e442b4eb95e63b26243) Importer(815301076,1909f56bfc062723c751e8b465ee728b)
Start importing Assets/Sprites/Tiles/Palettes/Terrain (16x16)_58.asset using Guid(a4d4b1a2eefc2e442b4eb95e63b26243) Importer(815301076,1909f56bfc062723c751e8b465ee728b)  -> (artifact id: 'c48cc8b8299498af43be3923380b15ed') in 0.154329 seconds
Number of updated asset objects reloaded before import = 0
Number of asset objects unloaded after import = 3
========================================================================
Received Import Request.
  Time since last request: 0.002003 seconds.
  path: Assets/Sprites/Tiles/Palettes/Terrain (16x16)_63.asset
  artifactKey: Guid(9b08135b982546b4b9630ec87650f512) Importer(815301076,1909f56bfc062723c751e8b465ee728b)
Start importing Assets/Sprites/Tiles/Palettes/Terrain (16x16)_63.asset using Guid(9b08135b982546b4b9630ec87650f512) Importer(815301076,1909f56bfc062723c751e8b465ee728b)  -> (artifact id: '6e6279b142f8cc7c5aa0100ca3284bd2') in 0.120995 seconds
Number of updated asset objects reloaded before import = 0
Number of asset objects unloaded after import = 3
========================================================================
Received Import Request.
  Time since last request: 0.000039 seconds.
  path: Assets/Sprites/Tiles/Palettes/Terrain (16x16)_67.asset
  artifactKey: Guid(1c0eeeb16cb224f4e93a8d7ebf1daf88) Importer(815301076,1909f56bfc062723c751e8b465ee728b)
Start importing Assets/Sprites/Tiles/Palettes/Terrain (16x16)_67.asset using Guid(1c0eeeb16cb224f4e93a8d7ebf1daf88) Importer(815301076,1909f56bfc062723c751e8b465ee728b)  -> (artifact id: '768eba4f477a30f5c21c0298c836792b') in 0.144419 seconds
Number of updated asset objects reloaded before import = 0
Number of asset objects unloaded after import = 3
========================================================================
Received Import Request.
  Time since last request: 0.000034 seconds.
  path: Assets/Sprites/Tiles/Palettes/Terrain (16x16)_55.asset
  artifactKey: Guid(be351fb07be53304390a4baba51418d2) Importer(815301076,1909f56bfc062723c751e8b465ee728b)
Start importing Assets/Sprites/Tiles/Palettes/Terrain (16x16)_55.asset using Guid(be351fb07be53304390a4baba51418d2) Importer(815301076,1909f56bfc062723c751e8b465ee728b)  -> (artifact id: '35a7c824744cd49f551f23446ae50134') in 0.242334 seconds
Number of updated asset objects reloaded before import = 0
Number of asset objects unloaded after import = 3
========================================================================
Received Import Request.
  Time since last request: 0.000056 seconds.
  path: Assets/Sprites/Tiles/Palettes/Terrain (16x16)_65.asset
  artifactKey: Guid(94702cb113e174943879a83c50643c49) Importer(815301076,1909f56bfc062723c751e8b465ee728b)
Start importing Assets/Sprites/Tiles/Palettes/Terrain (16x16)_65.asset using Guid(94702cb113e174943879a83c50643c49) Importer(815301076,1909f56bfc062723c751e8b465ee728b)  -> (artifact id: '038c8bce477000791cc250e125c7ca8c') in 0.066262 seconds
Number of updated asset objects reloaded before import = 0
Number of asset objects unloaded after import = 3
========================================================================
Received Import Request.
  Time since last request: 0.000043 seconds.
  path: Assets/Sprites/Tiles/Palettes/Terrain (16x16)_60.asset
  artifactKey: Guid(c62092b1d79b09541b09c1f78d7f035c) Importer(815301076,1909f56bfc062723c751e8b465ee728b)
Start importing Assets/Sprites/Tiles/Palettes/Terrain (16x16)_60.asset using Guid(c62092b1d79b09541b09c1f78d7f035c) Importer(815301076,1909f56bfc062723c751e8b465ee728b)  -> (artifact id: '426aa87896ba5bf488bbdeca28e13ac6') in 0.149152 seconds
Number of updated asset objects reloaded before import = 0
Number of asset objects unloaded after import = 3
========================================================================
Received Import Request.
  Time since last request: 0.000483 seconds.
  path: Assets/Sprites/Tiles/Palettes/Terrain (16x16)_66.asset
  artifactKey: Guid(e88e7a34a0afdd240b021154d0048664) Importer(815301076,1909f56bfc062723c751e8b465ee728b)
Start importing Assets/Sprites/Tiles/Palettes/Terrain (16x16)_66.asset using Guid(e88e7a34a0afdd240b021154d0048664) Importer(815301076,1909f56bfc062723c751e8b465ee728b)  -> (artifact id: '8ee819fe864f5f8b20092303858281ac') in 0.148723 seconds
Number of updated asset objects reloaded before import = 0
Number of asset objects unloaded after import = 3
========================================================================
Received Prepare
Begin MonoManager ReloadAssembly
- Loaded All Assemblies, in 16.465 seconds
Refreshing native plugins compatible for Editor in 51.22 ms, found 4 plugins.
Native extension for WindowsStandalone target not found
[Package Manager] Server::EnsureServerProcessIsRunning -- launch failed, reason: Unity was launched with the -noUpm command-line argument
[Package Manager] UpmClient::Send -- Unable to send message (not connected to UPM process).
[Package Manager] Cannot connect to Unity Package Manager local server
Mono: successfully reloaded assembly
- Finished resetting the current domain, in 20.014 seconds
Domain Reload Profiling: 36386ms
	BeginReloadAssembly (3151ms)
		ExecutionOrderSort (0ms)
		DisableScriptedObjects (176ms)
		BackupInstance (0ms)
		ReleaseScriptingObjects (7ms)
		CreateAndSetChildDomain (731ms)
	RebuildCommonClasses (1006ms)
	RebuildNativeTypeToScriptingClass (90ms)
	initialDomainReloadingComplete (1063ms)
	LoadAllAssembliesAndSetupDomain (11060ms)
		LoadAssemblies (12330ms)
		RebuildTransferFunctionScriptingTraits (0ms)
		AnalyzeDomain (117ms)
			TypeCache.Refresh (69ms)
				TypeCache.ScanAssembly (0ms)
			ScanForSourceGeneratedMonoScriptInfo (1ms)
			ResolveRequiredComponents (44ms)
	FinalizeReload (20017ms)
		ReleaseScriptCaches (0ms)
		RebuildScriptCaches (0ms)
		SetupLoadedEditorAssemblies (14876ms)
			LogAssemblyErrors (0ms)
			InitializePlatformSupportModulesInManaged (36ms)
			SetLoadedEditorAssemblies (25ms)
			RefreshPlugins (0ms)
			BeforeProcessingInitializeOnLoad (1074ms)
			ProcessInitializeOnLoadAttributes (13470ms)
			ProcessInitializeOnLoadMethodAttributes (224ms)
			AfterProcessingInitializeOnLoad (45ms)
			EditorAssembliesLoaded (2ms)
		ExecutionOrderSort2 (0ms)
		AwakeInstancesAfterBackupRestoration (110ms)
Refreshing native plugins compatible for Editor in 45.85 ms, found 4 plugins.
Preloading 0 native plugins for Editor in 0.00 ms.
Unloading 4029 Unused Serialized files (Serialized files now loaded: 0)
Unloading 41 unused Assets / (170.6 KB). Loaded Objects now: 4528.
Memory consumption went from 159.6 MB to 159.4 MB.
Total: 80.197800 ms (FindLiveObjects: 1.945100 ms CreateObjectMapping: 0.604100 ms MarkObjects: 63.774000 ms  DeleteObjects: 13.865800 ms)

Prepare: number of updated asset objects reloaded= 0
AssetImportParameters requested are different than current active one (requested -> active):
  custom:container-demuxer-ogg: 62fdf1f143b41e24485cea50d1cbac27 -> 
  custom:video-decoder-ogg-theora: a1e56fd34408186e4bbccfd4996cb3dc -> 
  custom:framework-win-MediaFoundation: 216162199b28c13a410421893ffa2e32 -> 
  custom:CustomObjectIndexerAttribute: 9a22284fe3817be447336de3de66b15e -> 
  custom:container-demuxer-webm: 4f35f7cbe854078d1ac9338744f61a02 -> 
  custom:container-muxer-webm: aa71ff27fc2769a1b78a27578f13a17b -> 
  custom:video-decoder-webm-vp8: 9c59270c3fd7afecdb556c50c9e8de78 -> 
  custom:SearchIndexIgnoredProperties: e643bd26f0fe6173181afceb89e7c659 -> 
  custom:AudioImporter_EditorPlatform: d09bf68614088b80899f8185d706f6e7 -> 
  custom:video-encoder-webm-vp8: eb34c28f22e8b96e1ab97ce403110664 -> 
  custom:audio-decoder-ogg-vorbis: bf7c407c2cedff20999df2af8eb42d56 -> 
  custom:audio-encoder-webm-vorbis: bf7c407c2cedff20999df2af8eb42d56 -> 
